This is pdfTeX, Version 3.141592653-2.6-1.40.26 (TeX Live 2024) (preloaded format=pdflatex 2025.1.23)  24 MAR 2025 01:26
entering extended mode
 restricted \write18 enabled.
 file:line:error style messages enabled.
 %&-line parsing enabled.
**"/Users/michaelmansour/Documents/MATH131A_UCLA/Riemann-Stieltjes Integrability.tex"
(/Users/michaelmansour/Documents/MATH131A_UCLA/Riemann-Stieltjes Integrability.tex
LaTeX2e <2024-11-01> patch level 1
L3 programming layer <2024-12-25>
(/Users/michaelmansour/Library/TinyTeX/texmf-dist/tex/latex/base/report.cls
Document Class: report 2024/06/29 v1.4n Standard LaTeX document class
(/Users/michaelmansour/Library/TinyTeX/texmf-dist/tex/latex/base/size10.clo
File: size10.clo 2024/06/29 v1.4n Standard LaTeX file (size option)
)
\c@part=\count196
\c@chapter=\count197
\c@section=\count198
\c@subsection=\count199
\c@subsubsection=\count266
\c@paragraph=\count267
\c@subparagraph=\count268
\c@figure=\count269
\c@table=\count270
\abovecaptionskip=\skip49
\belowcaptionskip=\skip50
\bibindent=\dimen141
) (/Users/michaelmansour/Library/TinyTeX/texmf-dist/tex/latex/amsmath/amsmath.sty
Package: amsmath 2024/11/05 v2.17t AMS math features
\@mathmargin=\skip51

For additional information on amsmath, use the `?' option.
(/Users/michaelmansour/Library/TinyTeX/texmf-dist/tex/latex/amsmath/amstext.sty
Package: amstext 2021/08/26 v2.01 AMS text
 (/Users/michaelmansour/Library/TinyTeX/texmf-dist/tex/latex/amsmath/amsgen.sty
File: amsgen.sty 1999/11/30 v2.0 generic functions
\@emptytoks=\toks17
\ex@=\dimen142
)) (/Users/michaelmansour/Library/TinyTeX/texmf-dist/tex/latex/amsmath/amsbsy.sty
Package: amsbsy 1999/11/29 v1.2d Bold Symbols
\pmbraise@=\dimen143
) (/Users/michaelmansour/Library/TinyTeX/texmf-dist/tex/latex/amsmath/amsopn.sty
Package: amsopn 2022/04/08 v2.04 operator names
)
\inf@bad=\count271
LaTeX Info: Redefining \frac on input line 233.
\uproot@=\count272
\leftroot@=\count273
LaTeX Info: Redefining \overline on input line 398.
LaTeX Info: Redefining \colon on input line 409.
\classnum@=\count274
\DOTSCASE@=\count275
LaTeX Info: Redefining \ldots on input line 495.
LaTeX Info: Redefining \dots on input line 498.
LaTeX Info: Redefining \cdots on input line 619.
\Mathstrutbox@=\box52
\strutbox@=\box53
LaTeX Info: Redefining \big on input line 721.
LaTeX Info: Redefining \Big on input line 722.
LaTeX Info: Redefining \bigg on input line 723.
LaTeX Info: Redefining \Bigg on input line 724.
\big@size=\dimen144
LaTeX Font Info:    Redeclaring font encoding OML on input line 742.
LaTeX Font Info:    Redeclaring font encoding OMS on input line 743.
\macc@depth=\count276
LaTeX Info: Redefining \bmod on input line 904.
LaTeX Info: Redefining \pmod on input line 909.
LaTeX Info: Redefining \smash on input line 939.
LaTeX Info: Redefining \relbar on input line 969.
LaTeX Info: Redefining \Relbar on input line 970.
\c@MaxMatrixCols=\count277
\dotsspace@=\muskip17
\c@parentequation=\count278
\dspbrk@lvl=\count279
\tag@help=\toks18
\row@=\count280
\column@=\count281
\maxfields@=\count282
\andhelp@=\toks19
\eqnshift@=\dimen145
\alignsep@=\dimen146
\tagshift@=\dimen147
\tagwidth@=\dimen148
\totwidth@=\dimen149
\lineht@=\dimen150
\@envbody=\toks20
\multlinegap=\skip52
\multlinetaggap=\skip53
\mathdisplay@stack=\toks21
LaTeX Info: Redefining \[ on input line 2953.
LaTeX Info: Redefining \] on input line 2954.
) (/Users/michaelmansour/Library/TinyTeX/texmf-dist/tex/latex/graphics/graphicx.sty
Package: graphicx 2021/09/16 v1.2d Enhanced LaTeX Graphics (DPC,SPQR)
 (/Users/michaelmansour/Library/TinyTeX/texmf-dist/tex/latex/graphics/keyval.sty
Package: keyval 2022/05/29 v1.15 key=value parser (DPC)
\KV@toks@=\toks22
) (/Users/michaelmansour/Library/TinyTeX/texmf-dist/tex/latex/graphics/graphics.sty
Package: graphics 2024/08/06 v1.4g Standard LaTeX Graphics (DPC,SPQR)
 (/Users/michaelmansour/Library/TinyTeX/texmf-dist/tex/latex/graphics/trig.sty
Package: trig 2023/12/02 v1.11 sin cos tan (DPC)
) (/Users/michaelmansour/Library/TinyTeX/texmf-dist/tex/latex/graphics-cfg/graphics.cfg
File: graphics.cfg 2016/06/04 v1.11 sample graphics configuration
)
Package graphics Info: Driver file: pdftex.def on input line 106.
 (/Users/michaelmansour/Library/TinyTeX/texmf-dist/tex/latex/graphics-def/pdftex.def
File: pdftex.def 2024/04/13 v1.2c Graphics/color driver for pdftex
))
\Gin@req@height=\dimen151
\Gin@req@width=\dimen152
) (/Users/michaelmansour/Library/TinyTeX/texmf-dist/tex/latex/xcolor/xcolor.sty
Package: xcolor 2024/09/29 v3.02 LaTeX color extensions (UK)
 (/Users/michaelmansour/Library/TinyTeX/texmf-dist/tex/latex/graphics-cfg/color.cfg
File: color.cfg 2016/01/02 v1.6 sample color configuration
)
Package xcolor Info: Driver file: pdftex.def on input line 274.
 (/Users/michaelmansour/Library/TinyTeX/texmf-dist/tex/latex/graphics/mathcolor.ltx)
Package xcolor Info: Model `cmy' substituted by `cmy0' on input line 1349.
Package xcolor Info: Model `hsb' substituted by `rgb' on input line 1353.
Package xcolor Info: Model `RGB' extended on input line 1365.
Package xcolor Info: Model `HTML' substituted by `rgb' on input line 1367.
Package xcolor Info: Model `Hsb' substituted by `hsb' on input line 1368.
Package xcolor Info: Model `tHsb' substituted by `hsb' on input line 1369.
Package xcolor Info: Model `HSB' substituted by `hsb' on input line 1370.
Package xcolor Info: Model `Gray' substituted by `gray' on input line 1371.
Package xcolor Info: Model `wave' substituted by `hsb' on input line 1372.
) (/Users/michaelmansour/Library/TinyTeX/texmf-dist/tex/latex/l3backend/l3backend-pdftex.def
File: l3backend-pdftex.def 2024-05-08 L3 backend support: PDF output (pdfTeX)
\l__color_backend_stack_int=\count283
\l__pdf_internal_box=\box54
) (./Riemann-Stieltjes Integrability.aux)
\openout1 = `"Riemann-Stieltjes Integrability.aux"'.

LaTeX Font Info:    Checking defaults for OML/cmm/m/it on input line 10.
LaTeX Font Info:    ... okay on input line 10.
LaTeX Font Info:    Checking defaults for OMS/cmsy/m/n on input line 10.
LaTeX Font Info:    ... okay on input line 10.
LaTeX Font Info:    Checking defaults for OT1/cmr/m/n on input line 10.
LaTeX Font Info:    ... okay on input line 10.
LaTeX Font Info:    Checking defaults for T1/cmr/m/n on input line 10.
LaTeX Font Info:    ... okay on input line 10.
LaTeX Font Info:    Checking defaults for TS1/cmr/m/n on input line 10.
LaTeX Font Info:    ... okay on input line 10.
LaTeX Font Info:    Checking defaults for OMX/cmex/m/n on input line 10.
LaTeX Font Info:    ... okay on input line 10.
LaTeX Font Info:    Checking defaults for U/cmr/m/n on input line 10.
LaTeX Font Info:    ... okay on input line 10.
 (/Users/michaelmansour/Library/TinyTeX/texmf-dist/tex/latex/epstopdf-pkg/epstopdf-base.sty
Package: epstopdf-base 2020-01-24 v2.11 Base part for package epstopdf
Package epstopdf-base Info: Redefining graphics rule for `.eps' on input line 485.
 (/Users/michaelmansour/Library/TinyTeX/texmf-dist/tex/latex/latexconfig/epstopdf-sys.cfg
File: epstopdf-sys.cfg 2010/07/13 v1.3 Configuration of (r)epstopdf for TeX Live
))

[1

{/Users/michaelmansour/Library/TinyTeX/texmf-var/fonts/map/pdftex/updmap/pdftex.map}]
<PDF_CDF.png, id=8, 976.64874pt x 427.5975pt>
File: PDF_CDF.png Graphic file (type png)
<use PDF_CDF.png>
Package pdftex.def Info: PDF_CDF.png  used on input line 38.
(pdftex.def)             Requested size: 345.0pt x 151.0511pt.

Underfull \hbox (badness 10000) in paragraph at lines 41--53

 []



[1 <./PDF_CDF.png>]
Underfull \hbox (badness 10000) in paragraph at lines 57--69

 []


Underfull \hbox (badness 10000) in paragraph at lines 77--111

 []


Underfull \hbox (badness 10000) in paragraph at lines 77--111

 []


Underfull \hbox (badness 10000) in paragraph at lines 77--111

 []


Underfull \hbox (badness 10000) in paragraph at lines 77--111

 []


Underfull \hbox (badness 10000) in paragraph at lines 77--111

 []



[2]
<One-To-One Example.png, id=25, 857.2025pt x 494.84875pt>
File: One-To-One Example.png Graphic file (type png)
<use One-To-One Example.png>
Package pdftex.def Info: One-To-One Example.png  used on input line 112.
(pdftex.def)             Requested size: 345.0pt x 199.15921pt.

Underfull \hbox (badness 10000) in paragraph at lines 115--125

 []



[3 <./One-To-One Example.png>]
Underfull \hbox (badness 10000) in paragraph at lines 127--134

 []

<Exercise 1.png, id=30, 471.7625pt x 414.54875pt>
File: Exercise 1.png Graphic file (type png)
<use Exercise 1.png>
Package pdftex.def Info: Exercise 1.png  used on input line 145.
(pdftex.def)             Requested size: 172.5pt x 151.57787pt.


[4]
Underfull \hbox (badness 10000) in paragraph at lines 147--150

 []


Underfull \hbox (badness 10000) in paragraph at lines 151--155

 []


Underfull \hbox (badness 10000) in paragraph at lines 156--163

 []

<Exercise 2.png, id=34, 583.17876pt x 354.32375pt>
File: Exercise 2.png Graphic file (type png)
<use Exercise 2.png>
Package pdftex.def Info: Exercise 2.png  used on input line 166.
(pdftex.def)             Requested size: 172.5pt x 104.80573pt.

Underfull \hbox (badness 10000) in paragraph at lines 168--172

 []



[5 <./Exercise 1.png> <./Exercise 2.png>]
Underfull \hbox (badness 10000) in paragraph at lines 173--178

 []


Underfull \hbox (badness 10000) in paragraph at lines 179--182

 []



[6] (./Riemann-Stieltjes Integrability.aux)
 ***********
LaTeX2e <2024-11-01> patch level 1
L3 programming layer <2024-12-25>
 ***********
 ) 
Here is how much of TeX's memory you used:
 2249 strings out of 475178
 35154 string characters out of 5764583
 438067 words of memory out of 5000000
 25254 multiletter control sequences out of 15000+600000
 563912 words of font info for 54 fonts, out of 8000000 for 9000
 14 hyphenation exceptions out of 8191
 57i,9n,65p,296b,189s stack positions out of 10000i,1000n,20000p,200000b,200000s
</Users/michaelmansour/Library/TinyTeX/texmf-dist/fonts/type1/public/amsfonts/cm/cmbx12.pfb></Users/michaelmansour/Library/TinyTeX/texmf-dist/fonts/type1/public/amsfonts/cm/cmex10.pfb></Users/michaelmansour/Library/TinyTeX/texmf-dist/fonts/type1/public/amsfonts/cm/cmmi10.pfb></Users/michaelmansour/Library/TinyTeX/texmf-dist/fonts/type1/public/amsfonts/cm/cmmi7.pfb></Users/michaelmansour/Library/TinyTeX/texmf-dist/fonts/type1/public/amsfonts/cm/cmr10.pfb></Users/michaelmansour/Library/TinyTeX/texmf-dist/fonts/type1/public/amsfonts/cm/cmr12.pfb></Users/michaelmansour/Library/TinyTeX/texmf-dist/fonts/type1/public/amsfonts/cm/cmr17.pfb></Users/michaelmansour/Library/TinyTeX/texmf-dist/fonts/type1/public/amsfonts/cm/cmr7.pfb></Users/michaelmansour/Library/TinyTeX/texmf-dist/fonts/type1/public/amsfonts/cm/cmsy10.pfb></Users/michaelmansour/Library/TinyTeX/texmf-dist/fonts/type1/public/amsfonts/cm/cmsy7.pfb>
Output written on "Riemann-Stieltjes Integrability.pdf" (7 pages, 498870 bytes).
PDF statistics:
 87 PDF objects out of 1000 (max. 8388607)
 49 compressed objects within 1 object stream
 0 named destinations out of 1000 (max. 500000)
 21 words of extra memory for PDF output out of 10000 (max. 10000000)

